Build started 1/6/2023 10:38:58 PM.
     1>Project "c:\Users\japan computer\documents\visual studio 2012\Projects\Project34\Project34\Project34.vcxproj" on node 2 (Build target(s)).
     1>ClCompile:
         C:\Program Files (x86)\Microsoft Visual Studio 11.0\VC\bin\CL.exe /c /ZI /nologo /W3 /WX- /Od /Oy- /D _MBCS /Gm /EHsc /RTC1 /MDd /GS /fp:precise /Zc:wchar_t /Zc:forScope /Fo"Debug\\" /Fd"Debug\vc110.pdb" /Gd /TP /analyze- /errorReport:prompt Source.cpp
         Source.cpp
     1>c:\users\japan computer\documents\visual studio 2012\projects\project34\project34\source.cpp(8): error C2057: expected constant expression
     1>c:\users\japan computer\documents\visual studio 2012\projects\project34\project34\source.cpp(8): error C2466: cannot allocate an array of constant size 0
     1>c:\users\japan computer\documents\visual studio 2012\projects\project34\project34\source.cpp(8): error C2133: 'f' : unknown size
     1>Done Building Project "c:\Users\japan computer\documents\visual studio 2012\Projects\Project34\Project34\Project34.vcxproj" (Build target(s)) -- FAILED.

Build FAILED.

Time Elapsed 00:00:01.39
